d:\c++\project1\project1\debug\vc142.pdb
d:\c++\project1\project1\debug\vc142.idb
d:\c++\project1\project1\debug\16.运算符.obj
d:\c++\project1\project1\debug\12.数据类型.obj
d:\c++\project1\project1\debug\11.布尔型.obj
d:\c++\project1\project1\debug\10.转义字符.obj
d:\c++\project1\project1\debug\09.字符型.obj
d:\c++\project1\project1\debug\08.数据类型实型.obj
d:\c++\project1\project1\debug\08.数据类型实型.nativecodeanalysis.xml
d:\c++\project1\project1\debug\09.字符型.nativecodeanalysis.xml
d:\c++\project1\project1\debug\10.转义字符.nativecodeanalysis.xml
d:\c++\project1\project1\debug\11.布尔型.nativecodeanalysis.xml
d:\c++\project1\project1\debug\12.数据类型.nativecodeanalysis.xml
d:\c++\project1\project1\debug\16.运算符.nativecodeanalysis.xml
d:\c++\project1\debug\project1.exe
d:\c++\project1\project1\debug\project1.tlog\cl.command.1.tlog
d:\c++\project1\project1\debug\project1.tlog\cl.read.1.tlog
d:\c++\project1\project1\debug\project1.tlog\cl.write.1.tlog
d:\c++\project1\project1\debug\project1.tlog\link.command.1.tlog
d:\c++\project1\project1\debug\project1.tlog\link.read.1.tlog
d:\c++\project1\project1\debug\project1.tlog\link.write.1.tlog
